<?xml version="1.0" encoding="UTF-8"?>
<testng-results skipped="0" failed="0" ignored="0" total="1" passed="1">
  <reporter-output>
  </reporter-output>
  <suite name="Default suite" duration-ms="58348" started-at="2021-06-06T07:16:41 IST" finished-at="2021-06-06T07:17:39 IST">
    <groups>
    </groups>
    <test name="Default test" duration-ms="58348" started-at="2021-06-06T07:16:41 IST" finished-at="2021-06-06T07:17:39 IST">
      <class name="com.org.test">
        <test-method status="PASS" signature="setUp()[pri:0, instance:com.org.test@27a8c74e]" name="setUp" is-config="true" duration-ms="2868" started-at="2021-06-06T07:16:41 IST" finished-at="2021-06-06T07:16:44 IST">
          <reporter-output>
          </reporter-output>
        </test-method> <!-- setUp -->
        <test-method status="PASS" signature="testcase1()[pri:0, instance:com.org.test@27a8c74e]" name="testcase1" duration-ms="53332" started-at="2021-06-06T07:16:44 IST" finished-at="2021-06-06T07:17:37 IST">
          <reporter-output>
          </reporter-output>
        </test-method> <!-- testcase1 -->
        <test-method status="PASS" signature="closeDriver()[pri:0, instance:com.org.test@27a8c74e]" name="closeDriver" is-config="true" duration-ms="2094" started-at="2021-06-06T07:17:37 IST" finished-at="2021-06-06T07:17:39 IST">
          <reporter-output>
          </reporter-output>
        </test-method> <!-- closeDriver -->
      </class> <!-- com.org.test -->
    </test> <!-- Default test -->
  </suite> <!-- Default suite -->
</testng-results>
